<?xml version="1.0" encoding="UTF-8"?>
<testsuite xmlns:xsi="http://www.w3.org/2001/XMLSchema-instance" xsi:noNamespaceSchemaLocation="https://maven.apache.org/surefire/maven-surefire-plugin/xsd/surefire-test-report-3.0.xsd" version="3.0" name="com.example.devopsproject.repositories.StudentRepositoryTest" time="20.193" tests="3" errors="0" skipped="0" failures="0">
  <properties>
    <property name="awt.toolkit" value="sun.awt.X11.XToolkit"/>
    <property name="java.specification.version" value="11"/>
    <property name="sun.cpu.isalist" value=""/>
    <property name="sun.jnu.encoding" value="UTF-8"/>
    <property name="java.class.path" value="/mnt/c/Users/Oussema/Desktop/last/devopsproject/target/test-classes:/mnt/c/Users/Oussema/Desktop/last/devopsproject/target/classes:/home/haflout/.m2/repository/org/springframework/boot/spring-boot-starter-web/2.7.4/spring-boot-starter-web-2.7.4.jar:/home/haflout/.m2/repository/org/springframework/boot/spring-boot-starter/2.7.4/spring-boot-starter-2.7.4.jar:/home/haflout/.m2/repository/org/springframework/boot/spring-boot/2.7.4/spring-boot-2.7.4.jar:/home/haflout/.m2/repository/org/springframework/boot/spring-boot-autoconfigure/2.7.4/spring-boot-autoconfigure-2.7.4.jar:/home/haflout/.m2/repository/org/springframework/boot/spring-boot-starter-logging/2.7.4/spring-boot-starter-logging-2.7.4.jar:/home/haflout/.m2/repository/ch/qos/logback/logback-classic/1.2.11/logback-classic-1.2.11.jar:/home/haflout/.m2/repository/ch/qos/logback/logback-core/1.2.11/logback-core-1.2.11.jar:/home/haflout/.m2/repository/org/apache/logging/log4j/log4j-to-slf4j/2.17.2/log4j-to-slf4j-2.17.2.jar:/home/haflout/.m2/repository/org/apache/logging/log4j/log4j-api/2.17.2/log4j-api-2.17.2.jar:/home/haflout/.m2/repository/org/slf4j/jul-to-slf4j/1.7.36/jul-to-slf4j-1.7.36.jar:/home/haflout/.m2/repository/jakarta/annotation/jakarta.annotation-api/1.3.5/jakarta.annotation-api-1.3.5.jar:/home/haflout/.m2/repository/org/springframework/boot/spring-boot-starter-json/2.7.4/spring-boot-starter-json-2.7.4.jar:/home/haflout/.m2/repository/com/fasterxml/jackson/core/jackson-databind/2.13.4/jackson-databind-2.13.4.jar:/home/haflout/.m2/repository/com/fasterxml/jackson/core/jackson-annotations/2.13.4/jackson-annotations-2.13.4.jar:/home/haflout/.m2/repository/com/fasterxml/jackson/core/jackson-core/2.13.4/jackson-core-2.13.4.jar:/home/haflout/.m2/repository/com/fasterxml/jackson/datatype/jackson-datatype-jdk8/2.13.4/jackson-datatype-jdk8-2.13.4.jar:/home/haflout/.m2/repository/com/fasterxml/jackson/datatype/jackson-datatype-jsr310/2.13.4/jackson-datatype-jsr310-2.13.4.jar:/home/haflout/.m2/repository/com/fasterxml/jackson/module/jackson-module-parameter-names/2.13.4/jackson-module-parameter-names-2.13.4.jar:/home/haflout/.m2/repository/org/springframework/boot/spring-boot-starter-tomcat/2.7.4/spring-boot-starter-tomcat-2.7.4.jar:/home/haflout/.m2/repository/org/apache/tomcat/embed/tomcat-embed-core/9.0.65/tomcat-embed-core-9.0.65.jar:/home/haflout/.m2/repository/org/apache/tomcat/embed/tomcat-embed-el/9.0.65/tomcat-embed-el-9.0.65.jar:/home/haflout/.m2/repository/org/apache/tomcat/embed/tomcat-embed-websocket/9.0.65/tomcat-embed-websocket-9.0.65.jar:/home/haflout/.m2/repository/org/springframework/spring-web/5.3.23/spring-web-5.3.23.jar:/home/haflout/.m2/repository/org/springframework/spring-beans/5.3.23/spring-beans-5.3.23.jar:/home/haflout/.m2/repository/org/springframework/spring-webmvc/5.3.23/spring-webmvc-5.3.23.jar:/home/haflout/.m2/repository/org/springframework/spring-aop/5.3.23/spring-aop-5.3.23.jar:/home/haflout/.m2/repository/org/springframework/spring-context/5.3.23/spring-context-5.3.23.jar:/home/haflout/.m2/repository/org/springframework/spring-expression/5.3.23/spring-expression-5.3.23.jar:/home/haflout/.m2/repository/org/springframework/boot/spring-boot-starter-test/2.7.4/spring-boot-starter-test-2.7.4.jar:/home/haflout/.m2/repository/org/springframework/boot/spring-boot-test/2.7.4/spring-boot-test-2.7.4.jar:/home/haflout/.m2/repository/org/springframework/boot/spring-boot-test-autoconfigure/2.7.4/spring-boot-test-autoconfigure-2.7.4.jar:/home/haflout/.m2/repository/com/jayway/jsonpath/json-path/2.7.0/json-path-2.7.0.jar:/home/haflout/.m2/repository/net/minidev/json-smart/2.4.8/json-smart-2.4.8.jar:/home/haflout/.m2/repository/net/minidev/accessors-smart/2.4.8/accessors-smart-2.4.8.jar:/home/haflout/.m2/repository/org/ow2/asm/asm/9.1/asm-9.1.jar:/home/haflout/.m2/repository/jakarta/xml/bind/jakarta.xml.bind-api/2.3.3/jakarta.xml.bind-api-2.3.3.jar:/home/haflout/.m2/repository/jakarta/activation/jakarta.activation-api/1.2.2/jakarta.activation-api-1.2.2.jar:/home/haflout/.m2/repository/org/assertj/assertj-core/3.22.0/assertj-core-3.22.0.jar:/home/haflout/.m2/repository/org/hamcrest/hamcrest/2.2/hamcrest-2.2.jar:/home/haflout/.m2/repository/org/mockito/mockito-core/4.5.1/mockito-core-4.5.1.jar:/home/haflout/.m2/repository/net/bytebuddy/byte-buddy/1.12.17/byte-buddy-1.12.17.jar:/home/haflout/.m2/repository/net/bytebuddy/byte-buddy-agent/1.12.17/byte-buddy-agent-1.12.17.jar:/home/haflout/.m2/repository/org/objenesis/objenesis/3.2/objenesis-3.2.jar:/home/haflout/.m2/repository/org/skyscreamer/jsonassert/1.5.1/jsonassert-1.5.1.jar:/home/haflout/.m2/repository/com/vaadin/external/google/android-json/0.0.20131108.vaadin1/android-json-0.0.20131108.vaadin1.jar:/home/haflout/.m2/repository/org/springframework/spring-core/5.3.23/spring-core-5.3.23.jar:/home/haflout/.m2/repository/org/springframework/spring-jcl/5.3.23/spring-jcl-5.3.23.jar:/home/haflout/.m2/repository/org/xmlunit/xmlunit-core/2.9.0/xmlunit-core-2.9.0.jar:/home/haflout/.m2/repository/org/springframework/boot/spring-boot-starter-data-jpa/2.7.4/spring-boot-starter-data-jpa-2.7.4.jar:/home/haflout/.m2/repository/org/springframework/boot/spring-boot-starter-aop/2.7.4/spring-boot-starter-aop-2.7.4.jar:/home/haflout/.m2/repository/org/aspectj/aspectjweaver/1.9.7/aspectjweaver-1.9.7.jar:/home/haflout/.m2/repository/jakarta/transaction/jakarta.transaction-api/1.3.3/jakarta.transaction-api-1.3.3.jar:/home/haflout/.m2/repository/jakarta/persistence/jakarta.persistence-api/2.2.3/jakarta.persistence-api-2.2.3.jar:/home/haflout/.m2/repository/org/hibernate/hibernate-core/5.6.11.Final/hibernate-core-5.6.11.Final.jar:/home/haflout/.m2/repository/org/jboss/logging/jboss-logging/3.4.3.Final/jboss-logging-3.4.3.Final.jar:/home/haflout/.m2/repository/antlr/antlr/2.7.7/antlr-2.7.7.jar:/home/haflout/.m2/repository/org/jboss/jandex/2.4.2.Final/jandex-2.4.2.Final.jar:/home/haflout/.m2/repository/com/fasterxml/classmate/1.5.1/classmate-1.5.1.jar:/home/haflout/.m2/repository/org/hibernate/common/hibernate-commons-annotations/5.1.2.Final/hibernate-commons-annotations-5.1.2.Final.jar:/home/haflout/.m2/repository/org/glassfish/jaxb/jaxb-runtime/2.3.6/jaxb-runtime-2.3.6.jar:/home/haflout/.m2/repository/org/glassfish/jaxb/txw2/2.3.6/txw2-2.3.6.jar:/home/haflout/.m2/repository/com/sun/istack/istack-commons-runtime/3.0.12/istack-commons-runtime-3.0.12.jar:/home/haflout/.m2/repository/com/sun/activation/jakarta.activation/1.2.2/jakarta.activation-1.2.2.jar:/home/haflout/.m2/repository/org/springframework/data/spring-data-jpa/2.7.3/spring-data-jpa-2.7.3.jar:/home/haflout/.m2/repository/org/springframework/data/spring-data-commons/2.7.3/spring-data-commons-2.7.3.jar:/home/haflout/.m2/repository/org/springframework/spring-orm/5.3.23/spring-orm-5.3.23.jar:/home/haflout/.m2/repository/org/springframework/spring-tx/5.3.23/spring-tx-5.3.23.jar:/home/haflout/.m2/repository/org/springframework/spring-aspects/5.3.23/spring-aspects-5.3.23.jar:/home/haflout/.m2/repository/org/springframework/boot/spring-boot-starter-jdbc/2.7.4/spring-boot-starter-jdbc-2.7.4.jar:/home/haflout/.m2/repository/com/zaxxer/HikariCP/4.0.3/HikariCP-4.0.3.jar:/home/haflout/.m2/repository/org/springframework/spring-jdbc/5.3.23/spring-jdbc-5.3.23.jar:/home/haflout/.m2/repository/mysql/mysql-connector-java/8.0.30/mysql-connector-java-8.0.30.jar:/home/haflout/.m2/repository/org/junit/jupiter/junit-jupiter/5.6.0/junit-jupiter-5.6.0.jar:/home/haflout/.m2/repository/org/junit/jupiter/junit-jupiter-api/5.8.2/junit-jupiter-api-5.8.2.jar:/home/haflout/.m2/repository/org/opentest4j/opentest4j/1.2.0/opentest4j-1.2.0.jar:/home/haflout/.m2/repository/org/apiguardian/apiguardian-api/1.1.2/apiguardian-api-1.1.2.jar:/home/haflout/.m2/repository/org/junit/jupiter/junit-jupiter-params/5.8.2/junit-jupiter-params-5.8.2.jar:/home/haflout/.m2/repository/org/junit/jupiter/junit-jupiter-engine/5.8.2/junit-jupiter-engine-5.8.2.jar:/home/haflout/.m2/repository/org/junit/platform/junit-platform-engine/1.8.2/junit-platform-engine-1.8.2.jar:/home/haflout/.m2/repository/org/mockito/mockito-junit-jupiter/3.2.4/mockito-junit-jupiter-3.2.4.jar:/home/haflout/.m2/repository/org/springframework/spring-test/5.3.18/spring-test-5.3.18.jar:/home/haflout/.m2/repository/org/dbunit/dbunit/2.7.0/dbunit-2.7.0.jar:/home/haflout/.m2/repository/org/slf4j/slf4j-api/1.7.36/slf4j-api-1.7.36.jar:/home/haflout/.m2/repository/junit/junit/4.13.2/junit-4.13.2.jar:/home/haflout/.m2/repository/org/hamcrest/hamcrest-core/2.2/hamcrest-core-2.2.jar:/home/haflout/.m2/repository/commons-collections/commons-collections/3.2.2/commons-collections-3.2.2.jar:/home/haflout/.m2/repository/org/apache/poi/poi-ooxml/3.17/poi-ooxml-3.17.jar:/home/haflout/.m2/repository/org/apache/poi/poi/3.17/poi-3.17.jar:/home/haflout/.m2/repository/commons-codec/commons-codec/1.15/commons-codec-1.15.jar:/home/haflout/.m2/repository/org/apache/commons/commons-collections4/4.1/commons-collections4-4.1.jar:/home/haflout/.m2/repository/org/apache/poi/poi-ooxml-schemas/3.17/poi-ooxml-schemas-3.17.jar:/home/haflout/.m2/repository/org/apache/xmlbeans/xmlbeans/2.6.0/xmlbeans-2.6.0.jar:/home/haflout/.m2/repository/stax/stax-api/1.0.1/stax-api-1.0.1.jar:/home/haflout/.m2/repository/com/github/virtuald/curvesapi/1.04/curvesapi-1.04.jar:/home/haflout/.m2/repository/org/postgresql/postgresql/42.3.7/postgresql-42.3.7.jar:/home/haflout/.m2/repository/org/checkerframework/checker-qual/3.5.0/checker-qual-3.5.0.jar:/home/haflout/.m2/repository/com/github/database-rider/rider-core/1.10.0/rider-core-1.10.0.jar:/home/haflout/.m2/repository/org/yaml/snakeyaml/1.30/snakeyaml-1.30.jar:/home/haflout/.m2/repository/org/codehaus/jackson/jackson-mapper-lgpl/1.2.1/jackson-mapper-lgpl-1.2.1.jar:/home/haflout/.m2/repository/org/codehaus/jackson/jackson-core-lgpl/1.2.1/jackson-core-lgpl-1.2.1.jar:/home/haflout/.m2/repository/com/h2database/h2/2.1.214/h2-2.1.214.jar:/home/haflout/.m2/repository/com/github/database-rider/rider-junit5/1.10.0/rider-junit5-1.10.0.jar:/home/haflout/.m2/repository/org/junit/platform/junit-platform-commons/1.8.2/junit-platform-commons-1.8.2.jar:/home/haflout/.m2/repository/com/github/springtestdbunit/spring-test-dbunit/1.3.0/spring-test-dbunit-1.3.0.jar:"/>
    <property name="java.vm.vendor" value="Private Build"/>
    <property name="sun.arch.data.model" value="64"/>
    <property name="java.vendor.url" value="Unknown"/>
    <property name="user.timezone" value="Africa/Tunis"/>
    <property name="java.vm.specification.version" value="11"/>
    <property name="os.name" value="Linux"/>
    <property name="sun.java.launcher" value="SUN_STANDARD"/>
    <property name="sun.boot.library.path" value="/usr/lib/jvm/java-11-openjdk-amd64/lib"/>
    <property name="sun.java.command" value="/mnt/c/Users/Oussema/Desktop/last/devopsproject/target/surefire/surefirebooter1095936401215337725.jar /mnt/c/Users/Oussema/Desktop/last/devopsproject/target/surefire 2022-12-07T14-05-32_063-jvmRun1 surefire12689831191475982274tmp surefire_02908468834601740519tmp"/>
    <property name="jdk.debug" value="release"/>
    <property name="surefire.test.class.path" value="/mnt/c/Users/Oussema/Desktop/last/devopsproject/target/test-classes:/mnt/c/Users/Oussema/Desktop/last/devopsproject/target/classes:/home/haflout/.m2/repository/org/springframework/boot/spring-boot-starter-web/2.7.4/spring-boot-starter-web-2.7.4.jar:/home/haflout/.m2/repository/org/springframework/boot/spring-boot-starter/2.7.4/spring-boot-starter-2.7.4.jar:/home/haflout/.m2/repository/org/springframework/boot/spring-boot/2.7.4/spring-boot-2.7.4.jar:/home/haflout/.m2/repository/org/springframework/boot/spring-boot-autoconfigure/2.7.4/spring-boot-autoconfigure-2.7.4.jar:/home/haflout/.m2/repository/org/springframework/boot/spring-boot-starter-logging/2.7.4/spring-boot-starter-logging-2.7.4.jar:/home/haflout/.m2/repository/ch/qos/logback/logback-classic/1.2.11/logback-classic-1.2.11.jar:/home/haflout/.m2/repository/ch/qos/logback/logback-core/1.2.11/logback-core-1.2.11.jar:/home/haflout/.m2/repository/org/apache/logging/log4j/log4j-to-slf4j/2.17.2/log4j-to-slf4j-2.17.2.jar:/home/haflout/.m2/repository/org/apache/logging/log4j/log4j-api/2.17.2/log4j-api-2.17.2.jar:/home/haflout/.m2/repository/org/slf4j/jul-to-slf4j/1.7.36/jul-to-slf4j-1.7.36.jar:/home/haflout/.m2/repository/jakarta/annotation/jakarta.annotation-api/1.3.5/jakarta.annotation-api-1.3.5.jar:/home/haflout/.m2/repository/org/springframework/boot/spring-boot-starter-json/2.7.4/spring-boot-starter-json-2.7.4.jar:/home/haflout/.m2/repository/com/fasterxml/jackson/core/jackson-databind/2.13.4/jackson-databind-2.13.4.jar:/home/haflout/.m2/repository/com/fasterxml/jackson/core/jackson-annotations/2.13.4/jackson-annotations-2.13.4.jar:/home/haflout/.m2/repository/com/fasterxml/jackson/core/jackson-core/2.13.4/jackson-core-2.13.4.jar:/home/haflout/.m2/repository/com/fasterxml/jackson/datatype/jackson-datatype-jdk8/2.13.4/jackson-datatype-jdk8-2.13.4.jar:/home/haflout/.m2/repository/com/fasterxml/jackson/datatype/jackson-datatype-jsr310/2.13.4/jackson-datatype-jsr310-2.13.4.jar:/home/haflout/.m2/repository/com/fasterxml/jackson/module/jackson-module-parameter-names/2.13.4/jackson-module-parameter-names-2.13.4.jar:/home/haflout/.m2/repository/org/springframework/boot/spring-boot-starter-tomcat/2.7.4/spring-boot-starter-tomcat-2.7.4.jar:/home/haflout/.m2/repository/org/apache/tomcat/embed/tomcat-embed-core/9.0.65/tomcat-embed-core-9.0.65.jar:/home/haflout/.m2/repository/org/apache/tomcat/embed/tomcat-embed-el/9.0.65/tomcat-embed-el-9.0.65.jar:/home/haflout/.m2/repository/org/apache/tomcat/embed/tomcat-embed-websocket/9.0.65/tomcat-embed-websocket-9.0.65.jar:/home/haflout/.m2/repository/org/springframework/spring-web/5.3.23/spring-web-5.3.23.jar:/home/haflout/.m2/repository/org/springframework/spring-beans/5.3.23/spring-beans-5.3.23.jar:/home/haflout/.m2/repository/org/springframework/spring-webmvc/5.3.23/spring-webmvc-5.3.23.jar:/home/haflout/.m2/repository/org/springframework/spring-aop/5.3.23/spring-aop-5.3.23.jar:/home/haflout/.m2/repository/org/springframework/spring-context/5.3.23/spring-context-5.3.23.jar:/home/haflout/.m2/repository/org/springframework/spring-expression/5.3.23/spring-expression-5.3.23.jar:/home/haflout/.m2/repository/org/springframework/boot/spring-boot-starter-test/2.7.4/spring-boot-starter-test-2.7.4.jar:/home/haflout/.m2/repository/org/springframework/boot/spring-boot-test/2.7.4/spring-boot-test-2.7.4.jar:/home/haflout/.m2/repository/org/springframework/boot/spring-boot-test-autoconfigure/2.7.4/spring-boot-test-autoconfigure-2.7.4.jar:/home/haflout/.m2/repository/com/jayway/jsonpath/json-path/2.7.0/json-path-2.7.0.jar:/home/haflout/.m2/repository/net/minidev/json-smart/2.4.8/json-smart-2.4.8.jar:/home/haflout/.m2/repository/net/minidev/accessors-smart/2.4.8/accessors-smart-2.4.8.jar:/home/haflout/.m2/repository/org/ow2/asm/asm/9.1/asm-9.1.jar:/home/haflout/.m2/repository/jakarta/xml/bind/jakarta.xml.bind-api/2.3.3/jakarta.xml.bind-api-2.3.3.jar:/home/haflout/.m2/repository/jakarta/activation/jakarta.activation-api/1.2.2/jakarta.activation-api-1.2.2.jar:/home/haflout/.m2/repository/org/assertj/assertj-core/3.22.0/assertj-core-3.22.0.jar:/home/haflout/.m2/repository/org/hamcrest/hamcrest/2.2/hamcrest-2.2.jar:/home/haflout/.m2/repository/org/mockito/mockito-core/4.5.1/mockito-core-4.5.1.jar:/home/haflout/.m2/repository/net/bytebuddy/byte-buddy/1.12.17/byte-buddy-1.12.17.jar:/home/haflout/.m2/repository/net/bytebuddy/byte-buddy-agent/1.12.17/byte-buddy-agent-1.12.17.jar:/home/haflout/.m2/repository/org/objenesis/objenesis/3.2/objenesis-3.2.jar:/home/haflout/.m2/repository/org/skyscreamer/jsonassert/1.5.1/jsonassert-1.5.1.jar:/home/haflout/.m2/repository/com/vaadin/external/google/android-json/0.0.20131108.vaadin1/android-json-0.0.20131108.vaadin1.jar:/home/haflout/.m2/repository/org/springframework/spring-core/5.3.23/spring-core-5.3.23.jar:/home/haflout/.m2/repository/org/springframework/spring-jcl/5.3.23/spring-jcl-5.3.23.jar:/home/haflout/.m2/repository/org/xmlunit/xmlunit-core/2.9.0/xmlunit-core-2.9.0.jar:/home/haflout/.m2/repository/org/springframework/boot/spring-boot-starter-data-jpa/2.7.4/spring-boot-starter-data-jpa-2.7.4.jar:/home/haflout/.m2/repository/org/springframework/boot/spring-boot-starter-aop/2.7.4/spring-boot-starter-aop-2.7.4.jar:/home/haflout/.m2/repository/org/aspectj/aspectjweaver/1.9.7/aspectjweaver-1.9.7.jar:/home/haflout/.m2/repository/jakarta/transaction/jakarta.transaction-api/1.3.3/jakarta.transaction-api-1.3.3.jar:/home/haflout/.m2/repository/jakarta/persistence/jakarta.persistence-api/2.2.3/jakarta.persistence-api-2.2.3.jar:/home/haflout/.m2/repository/org/hibernate/hibernate-core/5.6.11.Final/hibernate-core-5.6.11.Final.jar:/home/haflout/.m2/repository/org/jboss/logging/jboss-logging/3.4.3.Final/jboss-logging-3.4.3.Final.jar:/home/haflout/.m2/repository/antlr/antlr/2.7.7/antlr-2.7.7.jar:/home/haflout/.m2/repository/org/jboss/jandex/2.4.2.Final/jandex-2.4.2.Final.jar:/home/haflout/.m2/repository/com/fasterxml/classmate/1.5.1/classmate-1.5.1.jar:/home/haflout/.m2/repository/org/hibernate/common/hibernate-commons-annotations/5.1.2.Final/hibernate-commons-annotations-5.1.2.Final.jar:/home/haflout/.m2/repository/org/glassfish/jaxb/jaxb-runtime/2.3.6/jaxb-runtime-2.3.6.jar:/home/haflout/.m2/repository/org/glassfish/jaxb/txw2/2.3.6/txw2-2.3.6.jar:/home/haflout/.m2/repository/com/sun/istack/istack-commons-runtime/3.0.12/istack-commons-runtime-3.0.12.jar:/home/haflout/.m2/repository/com/sun/activation/jakarta.activation/1.2.2/jakarta.activation-1.2.2.jar:/home/haflout/.m2/repository/org/springframework/data/spring-data-jpa/2.7.3/spring-data-jpa-2.7.3.jar:/home/haflout/.m2/repository/org/springframework/data/spring-data-commons/2.7.3/spring-data-commons-2.7.3.jar:/home/haflout/.m2/repository/org/springframework/spring-orm/5.3.23/spring-orm-5.3.23.jar:/home/haflout/.m2/repository/org/springframework/spring-tx/5.3.23/spring-tx-5.3.23.jar:/home/haflout/.m2/repository/org/springframework/spring-aspects/5.3.23/spring-aspects-5.3.23.jar:/home/haflout/.m2/repository/org/springframework/boot/spring-boot-starter-jdbc/2.7.4/spring-boot-starter-jdbc-2.7.4.jar:/home/haflout/.m2/repository/com/zaxxer/HikariCP/4.0.3/HikariCP-4.0.3.jar:/home/haflout/.m2/repository/org/springframework/spring-jdbc/5.3.23/spring-jdbc-5.3.23.jar:/home/haflout/.m2/repository/mysql/mysql-connector-java/8.0.30/mysql-connector-java-8.0.30.jar:/home/haflout/.m2/repository/org/junit/jupiter/junit-jupiter/5.6.0/junit-jupiter-5.6.0.jar:/home/haflout/.m2/repository/org/junit/jupiter/junit-jupiter-api/5.8.2/junit-jupiter-api-5.8.2.jar:/home/haflout/.m2/repository/org/opentest4j/opentest4j/1.2.0/opentest4j-1.2.0.jar:/home/haflout/.m2/repository/org/apiguardian/apiguardian-api/1.1.2/apiguardian-api-1.1.2.jar:/home/haflout/.m2/repository/org/junit/jupiter/junit-jupiter-params/5.8.2/junit-jupiter-params-5.8.2.jar:/home/haflout/.m2/repository/org/junit/jupiter/junit-jupiter-engine/5.8.2/junit-jupiter-engine-5.8.2.jar:/home/haflout/.m2/repository/org/junit/platform/junit-platform-engine/1.8.2/junit-platform-engine-1.8.2.jar:/home/haflout/.m2/repository/org/mockito/mockito-junit-jupiter/3.2.4/mockito-junit-jupiter-3.2.4.jar:/home/haflout/.m2/repository/org/springframework/spring-test/5.3.18/spring-test-5.3.18.jar:/home/haflout/.m2/repository/org/dbunit/dbunit/2.7.0/dbunit-2.7.0.jar:/home/haflout/.m2/repository/org/slf4j/slf4j-api/1.7.36/slf4j-api-1.7.36.jar:/home/haflout/.m2/repository/junit/junit/4.13.2/junit-4.13.2.jar:/home/haflout/.m2/repository/org/hamcrest/hamcrest-core/2.2/hamcrest-core-2.2.jar:/home/haflout/.m2/repository/commons-collections/commons-collections/3.2.2/commons-collections-3.2.2.jar:/home/haflout/.m2/repository/org/apache/poi/poi-ooxml/3.17/poi-ooxml-3.17.jar:/home/haflout/.m2/repository/org/apache/poi/poi/3.17/poi-3.17.jar:/home/haflout/.m2/repository/commons-codec/commons-codec/1.15/commons-codec-1.15.jar:/home/haflout/.m2/repository/org/apache/commons/commons-collections4/4.1/commons-collections4-4.1.jar:/home/haflout/.m2/repository/org/apache/poi/poi-ooxml-schemas/3.17/poi-ooxml-schemas-3.17.jar:/home/haflout/.m2/repository/org/apache/xmlbeans/xmlbeans/2.6.0/xmlbeans-2.6.0.jar:/home/haflout/.m2/repository/stax/stax-api/1.0.1/stax-api-1.0.1.jar:/home/haflout/.m2/repository/com/github/virtuald/curvesapi/1.04/curvesapi-1.04.jar:/home/haflout/.m2/repository/org/postgresql/postgresql/42.3.7/postgresql-42.3.7.jar:/home/haflout/.m2/repository/org/checkerframework/checker-qual/3.5.0/checker-qual-3.5.0.jar:/home/haflout/.m2/repository/com/github/database-rider/rider-core/1.10.0/rider-core-1.10.0.jar:/home/haflout/.m2/repository/org/yaml/snakeyaml/1.30/snakeyaml-1.30.jar:/home/haflout/.m2/repository/org/codehaus/jackson/jackson-mapper-lgpl/1.2.1/jackson-mapper-lgpl-1.2.1.jar:/home/haflout/.m2/repository/org/codehaus/jackson/jackson-core-lgpl/1.2.1/jackson-core-lgpl-1.2.1.jar:/home/haflout/.m2/repository/com/h2database/h2/2.1.214/h2-2.1.214.jar:/home/haflout/.m2/repository/com/github/database-rider/rider-junit5/1.10.0/rider-junit5-1.10.0.jar:/home/haflout/.m2/repository/org/junit/platform/junit-platform-commons/1.8.2/junit-platform-commons-1.8.2.jar:/home/haflout/.m2/repository/com/github/springtestdbunit/spring-test-dbunit/1.3.0/spring-test-dbunit-1.3.0.jar:"/>
    <property name="sun.cpu.endian" value="little"/>
    <property name="user.home" value="/home/haflout"/>
    <property name="user.language" value="en"/>
    <property name="java.specification.vendor" value="Oracle Corporation"/>
    <property name="java.version.date" value="2022-04-19"/>
    <property name="java.home" value="/usr/lib/jvm/java-11-openjdk-amd64"/>
    <property name="file.separator" value="/"/>
    <property name="basedir" value="/mnt/c/Users/Oussema/Desktop/last/devopsproject"/>
    <property name="java.vm.compressedOopsMode" value="Zero based"/>
    <property name="line.separator" value="&#10;"/>
    <property name="java.specification.name" value="Java Platform API Specification"/>
    <property name="java.vm.specification.vendor" value="Oracle Corporation"/>
    <property name="FILE_LOG_CHARSET" value="UTF-8"/>
    <property name="java.awt.graphicsenv" value="sun.awt.X11GraphicsEnvironment"/>
    <property name="java.awt.headless" value="true"/>
    <property name="surefire.real.class.path" value="/mnt/c/Users/Oussema/Desktop/last/devopsproject/target/surefire/surefirebooter1095936401215337725.jar"/>
    <property name="sun.management.compiler" value="HotSpot 64-Bit Tiered Compilers"/>
    <property name="java.runtime.version" value="11.0.15+10-Ubuntu-0ubuntu0.20.04.1"/>
    <property name="user.name" value="haflout"/>
    <property name="path.separator" value=":"/>
    <property name="os.version" value="5.10.16.3-microsoft-standard-WSL2"/>
    <property name="java.runtime.name" value="OpenJDK Runtime Environment"/>
    <property name="file.encoding" value="UTF-8"/>
    <property name="spring.beaninfo.ignore" value="true"/>
    <property name="java.vm.name" value="OpenJDK 64-Bit Server VM"/>
    <property name="localRepository" value="/home/haflout/.m2/repository"/>
    <property name="java.vendor.url.bug" value="Unknown"/>
    <property name="java.io.tmpdir" value="/tmp"/>
    <property name="com.zaxxer.hikari.pool_number" value="1"/>
    <property name="java.version" value="11.0.15"/>
    <property name="user.dir" value="/mnt/c/Users/Oussema/Desktop/last/devopsproject"/>
    <property name="os.arch" value="amd64"/>
    <property name="java.vm.specification.name" value="Java Virtual Machine Specification"/>
    <property name="PID" value="1285"/>
    <property name="java.awt.printerjob" value="sun.print.PSPrinterJob"/>
    <property name="sun.os.patch.level" value="unknown"/>
    <property name="CONSOLE_LOG_CHARSET" value="UTF-8"/>
    <property name="java.library.path" value="/usr/java/packages/lib:/usr/lib/x86_64-linux-gnu/jni:/lib/x86_64-linux-gnu:/usr/lib/x86_64-linux-gnu:/usr/lib/jni:/lib:/usr/lib"/>
    <property name="java.vm.info" value="mixed mode, sharing"/>
    <property name="java.vendor" value="Private Build"/>
    <property name="java.vm.version" value="11.0.15+10-Ubuntu-0ubuntu0.20.04.1"/>
    <property name="sun.io.unicode.encoding" value="UnicodeLittle"/>
    <property name="java.class.version" value="55.0"/>
  </properties>
  <testcase name="testSaveNewStudent" classname="com.example.devopsproject.repositories.StudentRepositoryTest" time="2.46">
    <system-out><![CDATA[2022-12-07 14:06:01.158  INFO 1285 --- [           main] .b.t.c.SpringBootTestContextBootstrapper : Neither @ContextConfiguration nor @ContextHierarchy found for test class [com.example.devopsproject.repositories.StudentRepositoryTest], using SpringBootContextLoader
2022-12-07 14:06:01.198  INFO 1285 --- [           main] o.s.t.c.support.AbstractContextLoader    : Could not detect default resource locations for test class [com.example.devopsproject.repositories.StudentRepositoryTest]: no resource found for suffixes {-context.xml, Context.groovy}.
2022-12-07 14:06:01.199  INFO 1285 --- [           main] t.c.s.AnnotationConfigContextLoaderUtils : Could not detect default configuration classes for test class [com.example.devopsproject.repositories.StudentRepositoryTest]: StudentRepositoryTest does not declare any static, non-private, non-final, nested classes annotated with @Configuration.
2022-12-07 14:06:01.380  INFO 1285 --- [           main] .b.t.c.SpringBootTestContextBootstrapper : Found @SpringBootConfiguration com.example.devopsproject.DevopsProjectApplication for test class com.example.devopsproject.repositories.StudentRepositoryTest
2022-12-07 14:06:01.394  INFO 1285 --- [           main] .b.t.c.SpringBootTestContextBootstrapper : Loaded default TestExecutionListener class names from location [META-INF/spring.factories]: [org.springframework.boot.test.mock.mockito.MockitoTestExecutionListener, org.springframework.boot.test.mock.mockito.ResetMocksTestExecutionListener, org.springframework.boot.test.autoconfigure.restdocs.RestDocsTestExecutionListener, org.springframework.boot.test.autoconfigure.web.client.MockRestServiceServerResetTestExecutionListener, org.springframework.boot.test.autoconfigure.web.servlet.MockMvcPrintOnlyOnFailureTestExecutionListener, org.springframework.boot.test.autoconfigure.web.servlet.WebDriverTestExecutionListener, org.springframework.boot.test.autoconfigure.webservices.client.MockWebServiceServerTestExecutionListener, org.springframework.test.context.web.ServletTestExecutionListener, org.springframework.test.context.support.DirtiesContextBeforeModesTestExecutionListener, org.springframework.test.context.event.ApplicationEventsTestExecutionListener, org.springframework.test.context.support.DependencyInjectionTestExecutionListener, org.springframework.test.context.support.DirtiesContextTestExecutionListener, org.springframework.test.context.transaction.TransactionalTestExecutionListener, org.springframework.test.context.jdbc.SqlScriptsTestExecutionListener, org.springframework.test.context.event.EventPublishingTestExecutionListener]
2022-12-07 14:06:01.395  INFO 1285 --- [           main] .b.t.c.SpringBootTestContextBootstrapper : Using TestExecutionListeners: [org.springframework.test.context.web.ServletTestExecutionListener@12db273d, org.springframework.test.context.support.DirtiesContextBeforeModesTestExecutionListener@10a57032, org.springframework.test.context.event.ApplicationEventsTestExecutionListener@71cd382e, org.springframework.boot.test.mock.mockito.MockitoTestExecutionListener@40f945b9, org.springframework.boot.test.autoconfigure.SpringBootDependencyInjectionTestExecutionListener@b507054, org.springframework.test.context.support.DirtiesContextTestExecutionListener@30cfa5ec, org.springframework.test.context.transaction.TransactionalTestExecutionListener@28dbe793, org.springframework.test.context.jdbc.SqlScriptsTestExecutionListener@2205bbbc, org.springframework.test.context.event.EventPublishingTestExecutionListener@2adfbd78, org.springframework.boot.test.mock.mockito.ResetMocksTestExecutionListener@67729d0a, org.springframework.boot.test.autoconfigure.restdocs.RestDocsTestExecutionListener@10620908, org.springframework.boot.test.autoconfigure.web.client.MockRestServiceServerResetTestExecutionListener@1fb598e3, org.springframework.boot.test.autoconfigure.web.servlet.MockMvcPrintOnlyOnFailureTestExecutionListener@4856c210, org.springframework.boot.test.autoconfigure.web.servlet.WebDriverTestExecutionListener@3b3f9cdd, org.springframework.boot.test.autoconfigure.webservices.client.MockWebServiceServerTestExecutionListener@3b95e8fb]

  .   ____          _            __ _ _
 /\\ / ___'_ __ _ _(_)_ __  __ _ \ \ \ \
( ( )\___ | '_ | '_| | '_ \/ _` | \ \ \ \
 \\/  ___)| |_)| | | | | || (_| |  ) ) ) )
  '  |____| .__|_| |_|_| |_\__, | / / / /
 =========|_|==============|___/=/_/_/_/
 :: Spring Boot ::                (v2.7.4)

2022-12-07 14:06:01.541  INFO 1285 --- [           main] c.e.d.r.StudentRepositoryTest            : Starting StudentRepositoryTest using Java 11.0.15 on DESKTOP-6JM5VC9 with PID 1285 (started by haflout in /mnt/c/Users/Oussema/Desktop/last/devopsproject)
2022-12-07 14:06:01.542  INFO 1285 --- [           main] c.e.d.r.StudentRepositoryTest            : The following 1 profile is active: "test1"
2022-12-07 14:06:03.251  INFO 1285 --- [           main] .s.d.r.c.RepositoryConfigurationDelegate : Bootstrapping Spring Data JPA repositories in DEFAULT mode.
2022-12-07 14:06:03.876  INFO 1285 --- [           main] .s.d.r.c.RepositoryConfigurationDelegate : Finished Spring Data repository scanning in 624 ms. Found 2 JPA repository interfaces.
2022-12-07 14:06:06.715  INFO 1285 --- [           main] o.hibernate.jpa.internal.util.LogHelper  : HHH000204: Processing PersistenceUnitInfo [name: default]
2022-12-07 14:06:06.946  INFO 1285 --- [           main] org.hibernate.dialect.Dialect            : HHH000400: Using dialect: org.hibernate.dialect.MySQL5Dialect
2022-12-07 14:06:07.513  INFO 1285 --- [           main] o.h.e.t.j.p.i.JtaPlatformInitiator       : HHH000490: Using JtaPlatform implementation: [org.hibernate.engine.transaction.jta.platform.internal.NoJtaPlatform]
2022-12-07 14:06:07.630  INFO 1285 --- [           main] j.LocalContainerEntityManagerFactoryBean : Initialized JPA EntityManagerFactory for persistence unit 'default'
2022-12-07 14:06:11.294  WARN 1285 --- [           main] JpaBaseConfiguration$JpaWebConfiguration : spring.jpa.open-in-view is enabled by default. Therefore, database queries may be performed during view rendering. Explicitly configure spring.jpa.open-in-view to disable this warning
2022-12-07 14:06:17.812  INFO 1285 --- [           main] c.e.d.r.StudentRepositoryTest            : Started StudentRepositoryTest in 16.409 seconds (JVM running for 45.209)
2022-12-07 14:06:18.788  INFO 1285 --- [           main] org.dbunit.database.DatabaseConfig       : The property ending with 'replacers' was not found. Please notify a dbunit developer to add the property to the class org.dbunit.database.DatabaseConfig
]]></system-out>
  </testcase>
  <testcase name="testGetAllStudents" classname="com.example.devopsproject.repositories.StudentRepositoryTest" time="0.842">
    <system-out><![CDATA[2022-12-07 14:06:20.414  INFO 1285 --- [           main] c.g.d.r.c.dataset.DataSetExecutorImpl    : DBUnit configuration for dataset executor 'junit5':
cacheConnection: true
cacheTableNames: true
mergeDataSets: false
caseSensitiveTableNames: false
caseInsensitiveStrategy: UPPERCASE
leakHunter: false
allowEmptyFields: false
fetchSize: 100
qualifiedTableNames: false
batchSize: 100
batchedStatements: false
caseSensitiveTableNames: false
replacers: [com.github.database.rider.core.replacers.DateTimeReplacer@20fe7ef2, com.github.database.rider.core.replacers.UnixTimestampReplacer@684afe38, com.github.database.rider.core.replacers.NullReplacer@a2ff6aa]

]]></system-out>
  </testcase>
  <testcase name="testGetStudentById" classname="com.example.devopsproject.repositories.StudentRepositoryTest" time="0.101"/>
</testsuite>